
KINSOL starting step for time 0.050000
scsteptol used:        1e-20 
fnormtol  used:        1e-09 
KINSolInit nni=    0  fnorm=        0.01875000000000004  nfe=     1 
KINSol nni=    1 fnorm=        0.01867167472896213 nfe=    27
KINSol nni=    2 fnorm=        0.00719920150150485 nfe=    46
KINSol nni=    3 fnorm=      0.0007121824904184982 nfe=    77
KINSol nni=    4 fnorm=       1.26713467568373e-05 nfe=   104
KINSol nni=    5 fnorm=      1.164262356444328e-07 nfe=   134
KINSol nni=    6 fnorm=      1.303054240358537e-09 nfe=   160
KINSol return value 1
---KINSOL_SUCCESS

-------------------------------------------------- 
                    Iteration             Total
Nonlin. Its.:               6                 6
Lin. Its.:                124               124
Func. Evals.:             160               160
PC Evals.:                  6                 6
PC Solves:                130               130
Lin. Conv. Fails:           0                 0
Beta Cond. Fails:           0                 0
Backtracks:                 0                 0
-------------------------------------------------- 

KINSOL starting step for time 0.100000
scsteptol used:        1e-20 
fnormtol  used:        1e-09 
KINSolInit nni=    0  fnorm=        0.03079118922632505  nfe=     1 
KINSol nni=    1 fnorm=       0.009514877339122972 nfe=    32
KINSol nni=    2 fnorm=      0.0004079273860782862 nfe=    64
KINSol nni=    3 fnorm=      3.474810288032624e-06 nfe=    94
KINSol nni=    4 fnorm=      3.363858089786256e-08 nfe=   122
KINSol nni=    5 fnorm=      3.077818112525308e-10 nfe=   150
KINSol return value 1
---KINSOL_SUCCESS

-------------------------------------------------- 
                    Iteration             Total
Nonlin. Its.:               5                11
Lin. Its.:                139               263
Func. Evals.:             150               310
PC Evals.:                  5                11
PC Solves:                144               274
Lin. Conv. Fails:           0                 0
Beta Cond. Fails:           0                 0
Backtracks:                 0                 0
-------------------------------------------------- 

KINSOL starting step for time 0.150000
scsteptol used:        1e-20 
fnormtol  used:        1e-09 
KINSolInit nni=    0  fnorm=        0.05744254214327001  nfe=     1 
KINSol nni=    1 fnorm=       0.009919618625318457 nfe=    34
KINSol nni=    2 fnorm=      0.0004523546406440369 nfe=    57
KINSol nni=    3 fnorm=      6.773438078227927e-06 nfe=    83
KINSol nni=    4 fnorm=      6.536974301236425e-08 nfe=   106
KINSol nni=    5 fnorm=      6.724152588569687e-10 nfe=   128
KINSol return value 1
---KINSOL_SUCCESS

-------------------------------------------------- 
                    Iteration             Total
Nonlin. Its.:               5                16
Lin. Its.:                117               380
Func. Evals.:             128               438
PC Evals.:                  5                16
PC Solves:                122               396
Lin. Conv. Fails:           0                 0
Beta Cond. Fails:           0                 0
Backtracks:                 0                 0
-------------------------------------------------- 

KINSOL starting step for time 0.200000
scsteptol used:        1e-20 
fnormtol  used:        1e-09 
KINSolInit nni=    0  fnorm=       0.009886103662150751  nfe=     1 
KINSol nni=    1 fnorm=       0.002147347410459415 nfe=    24
KINSol nni=    2 fnorm=      4.596386402479775e-05 nfe=    40
KINSol nni=    3 fnorm=       4.69983743315451e-07 nfe=    59
KINSol nni=    4 fnorm=      4.563199314223385e-09 nfe=    78
KINSol nni=    5 fnorm=      3.670748101650152e-11 nfe=    96
KINSol return value 1
---KINSOL_SUCCESS

-------------------------------------------------- 
                    Iteration             Total
Nonlin. Its.:               5                21
Lin. Its.:                 85               465
Func. Evals.:              96               534
PC Evals.:                  5                21
PC Solves:                 90               486
Lin. Conv. Fails:           0                 0
Beta Cond. Fails:           0                 0
Backtracks:                 0                 0
-------------------------------------------------- 

KINSOL starting step for time 0.250000
scsteptol used:        1e-20 
fnormtol  used:        1e-09 
KINSolInit nni=    0  fnorm=        0.01494843851257968  nfe=     1 
KINSol nni=    1 fnorm=       0.000485677545437383 nfe=    10
KINSol nni=    2 fnorm=      8.432428589503848e-06 nfe=    28
KINSol nni=    3 fnorm=      7.948147008827399e-08 nfe=    46
KINSol nni=    4 fnorm=      6.823668361431378e-10 nfe=    63
KINSol return value 1
---KINSOL_SUCCESS

-------------------------------------------------- 
                    Iteration             Total
Nonlin. Its.:               4                25
Lin. Its.:                 54               519
Func. Evals.:              63               597
PC Evals.:                  4                25
PC Solves:                 58               544
Lin. Conv. Fails:           0                 0
Beta Cond. Fails:           0                 0
Backtracks:                 0                 0
-------------------------------------------------- 

KINSOL starting step for time 0.300000
scsteptol used:        1e-20 
fnormtol  used:        1e-09 
KINSolInit nni=    0  fnorm=        0.01371887639763842  nfe=     1 
KINSol nni=    1 fnorm=      0.0001953304751705495 nfe=     7
KINSol nni=    2 fnorm=      1.642691837330629e-06 nfe=    18
KINSol nni=    3 fnorm=      1.562251462656637e-08 nfe=    33
KINSol nni=    4 fnorm=      1.278042998402075e-10 nfe=    48
KINSol return value 1
---KINSOL_SUCCESS

-------------------------------------------------- 
                    Iteration             Total
Nonlin. Its.:               4                29
Lin. Its.:                 39               558
Func. Evals.:              48               645
PC Evals.:                  4                29
PC Solves:                 43               587
Lin. Conv. Fails:           0                 0
Beta Cond. Fails:           0                 0
Backtracks:                 0                 0
-------------------------------------------------- 

KINSOL starting step for time 0.350000
scsteptol used:        1e-20 
fnormtol  used:        1e-09 
KINSolInit nni=    0  fnorm=        0.01094519705675973  nfe=     1 
KINSol nni=    1 fnorm=      0.0001863601353221496 nfe=     5
KINSol nni=    2 fnorm=      4.872536106075945e-06 nfe=    13
KINSol nni=    3 fnorm=      4.234906625333857e-08 nfe=    25
KINSol nni=    4 fnorm=      2.725707049391787e-10 nfe=    38
KINSol return value 1
---KINSOL_SUCCESS

-------------------------------------------------- 
                    Iteration             Total
Nonlin. Its.:               4                33
Lin. Its.:                 29               587
Func. Evals.:              38               683
PC Evals.:                  4                33
PC Solves:                 33               620
Lin. Conv. Fails:           0                 0
Beta Cond. Fails:           0                 0
Backtracks:                 0                 0
-------------------------------------------------- 

KINSOL starting step for time 0.400000
scsteptol used:        1e-20 
fnormtol  used:        1e-09 
KINSolInit nni=    0  fnorm=       0.008374423583539969  nfe=     1 
KINSol nni=    1 fnorm=      0.0001195651028534987 nfe=     5
KINSol nni=    2 fnorm=      1.265749213313866e-06 nfe=    11
KINSol nni=    3 fnorm=      1.166939117969698e-08 nfe=    21
KINSol nni=    4 fnorm=      3.728491110127213e-11 nfe=    36
KINSol return value 1
---KINSOL_SUCCESS

-------------------------------------------------- 
                    Iteration             Total
Nonlin. Its.:               4                37
Lin. Its.:                 27               614
Func. Evals.:              36               719
PC Evals.:                  4                37
PC Solves:                 31               651
Lin. Conv. Fails:           0                 0
Beta Cond. Fails:           0                 0
Backtracks:                 0                 0
-------------------------------------------------- 

KINSOL starting step for time 0.450000
scsteptol used:        1e-20 
fnormtol  used:        1e-09 
KINSolInit nni=    0  fnorm=       0.006352098957538513  nfe=     1 
KINSol nni=    1 fnorm=       8.23398013136995e-05 nfe=     5
KINSol nni=    2 fnorm=       2.81641426467679e-07 nfe=    11
KINSol nni=    3 fnorm=      1.451438637660785e-09 nfe=    20
KINSol return value 1
---KINSOL_SUCCESS

-------------------------------------------------- 
                    Iteration             Total
Nonlin. Its.:               3                40
Lin. Its.:                 13               627
Func. Evals.:              20               739
PC Evals.:                  3                40
PC Solves:                 16               667
Lin. Conv. Fails:           0                 0
Beta Cond. Fails:           0                 0
Backtracks:                 0                 0
-------------------------------------------------- 

KINSOL starting step for time 0.500000
scsteptol used:        1e-20 
fnormtol  used:        1e-09 
KINSolInit nni=    0  fnorm=       0.004842437971494989  nfe=     1 
KINSol nni=    1 fnorm=      5.706123517996304e-05 nfe=     5
KINSol nni=    2 fnorm=      5.491343779190999e-07 nfe=    11
KINSol nni=    3 fnorm=      3.407383999426502e-09 nfe=    20
KINSol nni=    4 fnorm=      3.254518666331693e-11 nfe=    32
KINSol return value 1
---KINSOL_SUCCESS

-------------------------------------------------- 
                    Iteration             Total
Nonlin. Its.:               4                44
Lin. Its.:                 23               650
Func. Evals.:              32               771
PC Evals.:                  4                44
PC Solves:                 27               694
Lin. Conv. Fails:           0                 0
Beta Cond. Fails:           0                 0
Backtracks:                 0                 0
-------------------------------------------------- 

KINSOL starting step for time 0.550000
scsteptol used:        1e-20 
fnormtol  used:        1e-09 
KINSolInit nni=    0  fnorm=       0.003732202942598531  nfe=     1 
KINSol nni=    1 fnorm=      3.964319210581877e-05 nfe=     5
KINSol nni=    2 fnorm=      2.261394265590142e-07 nfe=    10
KINSol nni=    3 fnorm=      1.389326624072755e-09 nfe=    18
KINSol return value 1
---KINSOL_SUCCESS

-------------------------------------------------- 
                    Iteration             Total
Nonlin. Its.:               3                47
Lin. Its.:                 11               661
Func. Evals.:              18               789
PC Evals.:                  3                47
PC Solves:                 14               708
Lin. Conv. Fails:           0                 0
Beta Cond. Fails:           0                 0
Backtracks:                 0                 0
-------------------------------------------------- 

KINSOL starting step for time 0.600000
scsteptol used:        1e-20 
fnormtol  used:        1e-09 
KINSolInit nni=    0  fnorm=       0.002914939271850293  nfe=     1 
KINSol nni=    1 fnorm=      2.774276346040616e-05 nfe=     5
KINSol nni=    2 fnorm=      2.449921598277526e-07 nfe=     9
KINSol nni=    3 fnorm=      1.336620811437847e-09 nfe=    17
KINSol return value 1
---KINSOL_SUCCESS

-------------------------------------------------- 
                    Iteration             Total
Nonlin. Its.:               3                50
Lin. Its.:                 10               671
Func. Evals.:              17               806
PC Evals.:                  3                50
PC Solves:                 13               721
Lin. Conv. Fails:           0                 0
Beta Cond. Fails:           0                 0
Backtracks:                 0                 0
-------------------------------------------------- 

KINSOL starting step for time 0.650000
scsteptol used:        1e-20 
fnormtol  used:        1e-09 
KINSolInit nni=    0  fnorm=       0.002308351838542844  nfe=     1 
KINSol nni=    1 fnorm=       1.96301717734729e-05 nfe=     5
KINSol nni=    2 fnorm=      1.478772122227901e-07 nfe=     9
KINSol nni=    3 fnorm=       8.99296096628558e-10 nfe=    17
KINSol return value 1
---KINSOL_SUCCESS

-------------------------------------------------- 
                    Iteration             Total
Nonlin. Its.:               3                53
Lin. Its.:                 10               681
Func. Evals.:              17               823
PC Evals.:                  3                53
PC Solves:                 13               734
Lin. Conv. Fails:           0                 0
Beta Cond. Fails:           0                 0
Backtracks:                 0                 0
-------------------------------------------------- 

KINSOL starting step for time 0.700000
scsteptol used:        1e-20 
fnormtol  used:        1e-09 
KINSolInit nni=    0  fnorm=       0.001852897413133351  nfe=     1 
KINSol nni=    1 fnorm=      1.407334262324959e-05 nfe=     5
KINSol nni=    2 fnorm=      8.759096269247325e-08 nfe=     9
KINSol nni=    3 fnorm=      7.943896089310935e-10 nfe=    16
KINSol return value 1
---KINSOL_SUCCESS

-------------------------------------------------- 
                    Iteration             Total
Nonlin. Its.:               3                56
Lin. Its.:                  9               690
Func. Evals.:              16               839
PC Evals.:                  3                56
PC Solves:                 12               746
Lin. Conv. Fails:           0                 0
Beta Cond. Fails:           0                 0
Backtracks:                 0                 0
-------------------------------------------------- 

KINSOL starting step for time 0.750000
scsteptol used:        1e-20 
fnormtol  used:        1e-09 
KINSolInit nni=    0  fnorm=       0.001506499971423871  nfe=     1 
KINSol nni=    1 fnorm=      1.495453594286239e-05 nfe=     4
KINSol nni=    2 fnorm=      2.087164226172308e-08 nfe=     9
KINSol nni=    3 fnorm=      8.436497145578418e-11 nfe=    16
KINSol return value 1
---KINSOL_SUCCESS

-------------------------------------------------- 
                    Iteration             Total
Nonlin. Its.:               3                59
Lin. Its.:                  9               699
Func. Evals.:              16               855
PC Evals.:                  3                59
PC Solves:                 12               758
Lin. Conv. Fails:           0                 0
Beta Cond. Fails:           0                 0
Backtracks:                 0                 0
-------------------------------------------------- 

KINSOL starting step for time 0.800000
scsteptol used:        1e-20 
fnormtol  used:        1e-09 
KINSolInit nni=    0  fnorm=       0.001239576402515019  nfe=     1 
KINSol nni=    1 fnorm=      1.050094051281787e-05 nfe=     4
KINSol nni=    2 fnorm=      5.660593777322363e-09 nfe=     9
KINSol nni=    3 fnorm=       1.65331850868132e-11 nfe=    16
KINSol return value 1
---KINSOL_SUCCESS

-------------------------------------------------- 
                    Iteration             Total
Nonlin. Its.:               3                62
Lin. Its.:                  9               708
Func. Evals.:              16               871
PC Evals.:                  3                62
PC Solves:                 12               770
Lin. Conv. Fails:           0                 0
Beta Cond. Fails:           0                 0
Backtracks:                 0                 0
-------------------------------------------------- 

KINSOL starting step for time 0.850000
scsteptol used:        1e-20 
fnormtol  used:        1e-09 
KINSolInit nni=    0  fnorm=       0.001031247876283171  nfe=     1 
KINSol nni=    1 fnorm=      7.543228465427115e-06 nfe=     4
KINSol nni=    2 fnorm=      3.273309634619253e-09 nfe=     9
KINSol nni=    3 fnorm=      7.724861324126799e-12 nfe=    16
KINSol return value 1
---KINSOL_SUCCESS

-------------------------------------------------- 
                    Iteration             Total
Nonlin. Its.:               3                65
Lin. Its.:                  9               717
Func. Evals.:              16               887
PC Evals.:                  3                65
PC Solves:                 12               782
Lin. Conv. Fails:           0                 0
Beta Cond. Fails:           0                 0
Backtracks:                 0                 0
-------------------------------------------------- 

KINSOL starting step for time 0.900000
scsteptol used:        1e-20 
fnormtol  used:        1e-09 
KINSolInit nni=    0  fnorm=      0.0008666572187249869  nfe=     1 
KINSol nni=    1 fnorm=      5.529006418987532e-06 nfe=     4
KINSol nni=    2 fnorm=      2.244809246424447e-09 nfe=     9
KINSol nni=    3 fnorm=      1.866786184966681e-11 nfe=    15
KINSol return value 1
---KINSOL_SUCCESS

-------------------------------------------------- 
                    Iteration             Total
Nonlin. Its.:               3                68
Lin. Its.:                  8               725
Func. Evals.:              15               902
PC Evals.:                  3                68
PC Solves:                 11               793
Lin. Conv. Fails:           0                 0
Beta Cond. Fails:           0                 0
Backtracks:                 0                 0
-------------------------------------------------- 

KINSOL starting step for time 0.950000
scsteptol used:        1e-20 
fnormtol  used:        1e-09 
KINSolInit nni=    0  fnorm=      0.0007351199441880846  nfe=     1 
KINSol nni=    1 fnorm=      4.126182469882889e-06 nfe=     4
KINSol nni=    2 fnorm=      4.053819729537961e-08 nfe=     8
KINSol nni=    3 fnorm=      2.855448224774001e-10 nfe=    13
KINSol return value 1
---KINSOL_SUCCESS

-------------------------------------------------- 
                    Iteration             Total
Nonlin. Its.:               3                71
Lin. Its.:                  6               731
Func. Evals.:              13               915
PC Evals.:                  3                71
PC Solves:                  9               802
Lin. Conv. Fails:           0                 0
Beta Cond. Fails:           0                 0
Backtracks:                 0                 0
-------------------------------------------------- 

KINSOL starting step for time 1.000000
scsteptol used:        1e-20 
fnormtol  used:        1e-09 
KINSolInit nni=    0  fnorm=      0.0006288637825474447  nfe=     1 
KINSol nni=    1 fnorm=      3.129290655995599e-06 nfe=     4
KINSol nni=    2 fnorm=      2.880566089812924e-08 nfe=     8
KINSol nni=    3 fnorm=      2.175524127559685e-10 nfe=    13
KINSol return value 1
---KINSOL_SUCCESS

-------------------------------------------------- 
                    Iteration             Total
Nonlin. Its.:               3                74
Lin. Its.:                  6               737
Func. Evals.:              13               928
PC Evals.:                  3                74
PC Solves:                  9               811
Lin. Conv. Fails:           0                 0
Beta Cond. Fails:           0                 0
Backtracks:                 0                 0
-------------------------------------------------- 

KINSOL starting step for time 1.050000
scsteptol used:        1e-20 
fnormtol  used:        1e-09 
KINSolInit nni=    0  fnorm=      0.0005421676135794824  nfe=     1 
KINSol nni=    1 fnorm=      2.407969667393937e-06 nfe=     4
KINSol nni=    2 fnorm=      2.076455273370875e-08 nfe=     8
KINSol nni=    3 fnorm=      1.671292735866218e-10 nfe=    13
KINSol return value 1
---KINSOL_SUCCESS

-------------------------------------------------- 
                    Iteration             Total
Nonlin. Its.:               3                77
Lin. Its.:                  6               743
Func. Evals.:              13               941
PC Evals.:                  3                77
PC Solves:                  9               820
Lin. Conv. Fails:           0                 0
Beta Cond. Fails:           0                 0
Backtracks:                 0                 0
-------------------------------------------------- 

KINSOL starting step for time 1.100000
scsteptol used:        1e-20 
fnormtol  used:        1e-09 
KINSolInit nni=    0  fnorm=      0.0004707712590661442  nfe=     1 
KINSol nni=    1 fnorm=      1.877421205683013e-06 nfe=     4
KINSol nni=    2 fnorm=      1.516073154492195e-08 nfe=     8
KINSol nni=    3 fnorm=       1.29358758625694e-10 nfe=    13
KINSol return value 1
---KINSOL_SUCCESS

-------------------------------------------------- 
                    Iteration             Total
Nonlin. Its.:               3                80
Lin. Its.:                  6               749
Func. Evals.:              13               954
PC Evals.:                  3                80
PC Solves:                  9               829
Lin. Conv. Fails:           0                 0
Beta Cond. Fails:           0                 0
Backtracks:                 0                 0
-------------------------------------------------- 

KINSOL starting step for time 1.150000
scsteptol used:        1e-20 
fnormtol  used:        1e-09 
KINSolInit nni=    0  fnorm=      0.0004114661071901449  nfe=     1 
KINSol nni=    1 fnorm=      1.481345605119677e-06 nfe=     4
KINSol nni=    2 fnorm=      1.119545477714302e-08 nfe=     8
KINSol nni=    3 fnorm=      1.007368471382297e-10 nfe=    13
KINSol return value 1
---KINSOL_SUCCESS

-------------------------------------------------- 
                    Iteration             Total
Nonlin. Its.:               3                83
Lin. Its.:                  6               755
Func. Evals.:              13               967
PC Evals.:                  3                83
PC Solves:                  9               838
Lin. Conv. Fails:           0                 0
Beta Cond. Fails:           0                 0
Backtracks:                 0                 0
-------------------------------------------------- 

KINSOL starting step for time 1.200000
scsteptol used:        1e-20 
fnormtol  used:        1e-09 
KINSolInit nni=    0  fnorm=      0.0003618091851247923  nfe=     1 
KINSol nni=    1 fnorm=       1.18162710533845e-06 nfe=     4
KINSol nni=    2 fnorm=       8.35132305678603e-09 nfe=     8
KINSol nni=    3 fnorm=      7.876972544843081e-11 nfe=    13
KINSol return value 1
---KINSOL_SUCCESS

-------------------------------------------------- 
                    Iteration             Total
Nonlin. Its.:               3                86
Lin. Its.:                  6               761
Func. Evals.:              13               980
PC Evals.:                  3                86
PC Solves:                  9               847
Lin. Conv. Fails:           0                 0
Beta Cond. Fails:           0                 0
Backtracks:                 0                 0
-------------------------------------------------- 

KINSOL starting step for time 1.250000
scsteptol used:        1e-20 
fnormtol  used:        1e-09 
KINSolInit nni=    0  fnorm=      0.0003199211374407949  nfe=     1 
KINSol nni=    1 fnorm=      9.519969544071611e-07 nfe=     4
KINSol nni=    2 fnorm=      6.287079423860287e-09 nfe=     8
KINSol nni=    3 fnorm=      6.178770276703983e-11 nfe=    13
KINSol return value 1
---KINSOL_SUCCESS

-------------------------------------------------- 
                    Iteration             Total
Nonlin. Its.:               3                89
Lin. Its.:                  6               767
Func. Evals.:              13               993
PC Evals.:                  3                89
PC Solves:                  9               856
Lin. Conv. Fails:           0                 0
Beta Cond. Fails:           0                 0
Backtracks:                 0                 0
-------------------------------------------------- 

KINSOL starting step for time 1.300000
scsteptol used:        1e-20 
fnormtol  used:        1e-09 
KINSolInit nni=    0  fnorm=       0.000284341957025751  nfe=     1 
KINSol nni=    1 fnorm=      7.740532840755248e-07 nfe=     4
KINSol nni=    2 fnorm=      4.773068315532271e-09 nfe=     8
KINSol nni=    3 fnorm=      4.855142151815228e-11 nfe=    13
KINSol return value 1
---KINSOL_SUCCESS

-------------------------------------------------- 
                    Iteration             Total
Nonlin. Its.:               3                92
Lin. Its.:                  6               773
Func. Evals.:              13              1006
PC Evals.:                  3                92
PC Solves:                  9               865
Lin. Conv. Fails:           0                 0
Beta Cond. Fails:           0                 0
Backtracks:                 0                 0
-------------------------------------------------- 

KINSOL starting step for time 1.350000
scsteptol used:        1e-20 
fnormtol  used:        1e-09 
KINSolInit nni=    0  fnorm=      0.0002539268586370888  nfe=     1 
KINSol nni=    1 fnorm=      6.347106117968834e-07 nfe=     4
KINSol nni=    2 fnorm=      3.652078942218248e-09 nfe=     8
KINSol return value 1
---KINSOL_SUCCESS

-------------------------------------------------- 
                    Iteration             Total
Nonlin. Its.:               2                94
Lin. Its.:                  3               776
Func. Evals.:               8              1014
PC Evals.:                  2                94
PC Solves:                  5               870
Lin. Conv. Fails:           0                 0
Beta Cond. Fails:           0                 0
Backtracks:                 0                 0
-------------------------------------------------- 

KINSOL starting step for time 1.400000
scsteptol used:        1e-20 
fnormtol  used:        1e-09 
KINSolInit nni=    0  fnorm=      0.0002277722346006625  nfe=     1 
KINSol nni=    1 fnorm=      5.245080650762105e-07 nfe=     4
KINSol nni=    2 fnorm=      2.757060620774732e-09 nfe=     8
KINSol return value 1
---KINSOL_SUCCESS

-------------------------------------------------- 
                    Iteration             Total
Nonlin. Its.:               2                96
Lin. Its.:                  3               779
Func. Evals.:               8              1022
PC Evals.:                  2                96
PC Solves:                  5               875
Lin. Conv. Fails:           0                 0
Beta Cond. Fails:           0                 0
Backtracks:                 0                 0
-------------------------------------------------- 

KINSOL starting step for time 1.450000
scsteptol used:        1e-20 
fnormtol  used:        1e-09 
KINSolInit nni=    0  fnorm=       0.000205152528072896  nfe=     1 
KINSol nni=    1 fnorm=      4.366180479617807e-07 nfe=     4
KINSol nni=    2 fnorm=      2.131114264063343e-09 nfe=     8
KINSol return value 1
---KINSOL_SUCCESS

-------------------------------------------------- 
                    Iteration             Total
Nonlin. Its.:               2                98
Lin. Its.:                  3               782
Func. Evals.:               8              1030
PC Evals.:                  2                98
PC Solves:                  5               880
Lin. Conv. Fails:           0                 0
Beta Cond. Fails:           0                 0
Backtracks:                 0                 0
-------------------------------------------------- 

KINSOL starting step for time 1.500000
scsteptol used:        1e-20 
fnormtol  used:        1e-09 
KINSolInit nni=    0  fnorm=      0.0001854882302399709  nfe=     1 
KINSol nni=    1 fnorm=      3.659044008349012e-07 nfe=     4
KINSol nni=    2 fnorm=      1.663813130904273e-09 nfe=     8
KINSol return value 1
---KINSOL_SUCCESS

-------------------------------------------------- 
                    Iteration             Total
Nonlin. Its.:               2               100
Lin. Its.:                  3               785
Func. Evals.:               8              1038
PC Evals.:                  2               100
PC Solves:                  5               885
Lin. Conv. Fails:           0                 0
Beta Cond. Fails:           0                 0
Backtracks:                 0                 0
-------------------------------------------------- 

KINSOL starting step for time 1.550000
scsteptol used:        1e-20 
fnormtol  used:        1e-09 
KINSolInit nni=    0  fnorm=      0.0001683097552300182  nfe=     1 
KINSol nni=    1 fnorm=      3.085740570226552e-07 nfe=     4
KINSol nni=    2 fnorm=      1.309735175118368e-09 nfe=     8
KINSol return value 1
---KINSOL_SUCCESS

-------------------------------------------------- 
                    Iteration             Total
Nonlin. Its.:               2               102
Lin. Its.:                  3               788
Func. Evals.:               8              1046
PC Evals.:                  2               102
PC Solves:                  5               890
Lin. Conv. Fails:           0                 0
Beta Cond. Fails:           0                 0
Backtracks:                 0                 0
-------------------------------------------------- 

KINSOL starting step for time 1.600000
scsteptol used:        1e-20 
fnormtol  used:        1e-09 
KINSolInit nni=    0  fnorm=      0.0001532341287142179  nfe=     1 
KINSol nni=    1 fnorm=      2.617574495304433e-07 nfe=     4
KINSol nni=    2 fnorm=       1.03802053330798e-09 nfe=     8
KINSol return value 1
---KINSOL_SUCCESS

-------------------------------------------------- 
                    Iteration             Total
Nonlin. Its.:               2               104
Lin. Its.:                  3               791
Func. Evals.:               8              1054
PC Evals.:                  2               104
PC Solves:                  5               895
Lin. Conv. Fails:           0                 0
Beta Cond. Fails:           0                 0
Backtracks:                 0                 0
-------------------------------------------------- 

KINSOL starting step for time 1.650000
scsteptol used:        1e-20 
fnormtol  used:        1e-09 
KINSolInit nni=    0  fnorm=      0.0001399470112972623  nfe=     1 
KINSol nni=    1 fnorm=      2.232671813573585e-07 nfe=     4
KINSol nni=    2 fnorm=      8.276340712046694e-10 nfe=     8
KINSol return value 1
---KINSOL_SUCCESS

-------------------------------------------------- 
                    Iteration             Total
Nonlin. Its.:               2               106
Lin. Its.:                  3               794
Func. Evals.:               8              1062
PC Evals.:                  2               106
PC Solves:                  5               900
Lin. Conv. Fails:           0                 0
Beta Cond. Fails:           0                 0
Backtracks:                 0                 0
-------------------------------------------------- 

KINSOL starting step for time 1.700000
scsteptol used:        1e-20 
fnormtol  used:        1e-09 
KINSolInit nni=    0  fnorm=       0.000128188827529471  nfe=     1 
KINSol nni=    1 fnorm=      1.914210851503031e-07 nfe=     4
KINSol nni=    2 fnorm=       6.63593440433975e-10 nfe=     8
KINSol return value 1
---KINSOL_SUCCESS

-------------------------------------------------- 
                    Iteration             Total
Nonlin. Its.:               2               108
Lin. Its.:                  3               797
Func. Evals.:               8              1070
PC Evals.:                  2               108
PC Solves:                  5               905
Lin. Conv. Fails:           0                 0
Beta Cond. Fails:           0                 0
Backtracks:                 0                 0
-------------------------------------------------- 

KINSOL starting step for time 1.750000
scsteptol used:        1e-20 
fnormtol  used:        1e-09 
KINSolInit nni=    0  fnorm=      0.0001177439847951644  nfe=     1 
KINSol nni=    1 fnorm=       1.64914743339994e-07 nfe=     4
KINSol nni=    2 fnorm=      5.349243045415053e-10 nfe=     8
KINSol return value 1
---KINSOL_SUCCESS

-------------------------------------------------- 
                    Iteration             Total
Nonlin. Its.:               2               110
Lin. Its.:                  3               800
Func. Evals.:               8              1078
PC Evals.:                  2               110
PC Solves:                  5               910
Lin. Conv. Fails:           0                 0
Beta Cond. Fails:           0                 0
Backtracks:                 0                 0
-------------------------------------------------- 

KINSOL starting step for time 1.800000
scsteptol used:        1e-20 
fnormtol  used:        1e-09 
KINSolInit nni=    0  fnorm=      0.0001084324374284998  nfe=     1 
KINSol nni=    1 fnorm=      1.427287184572046e-07 nfe=     4
KINSol nni=    2 fnorm=        4.3344895969764e-10 nfe=     8
KINSol return value 1
---KINSOL_SUCCESS

-------------------------------------------------- 
                    Iteration             Total
Nonlin. Its.:               2               112
Lin. Its.:                  3               803
Func. Evals.:               8              1086
PC Evals.:                  2               112
PC Solves:                  5               915
Lin. Conv. Fails:           0                 0
Beta Cond. Fails:           0                 0
Backtracks:                 0                 0
-------------------------------------------------- 

KINSOL starting step for time 1.850000
scsteptol used:        1e-20 
fnormtol  used:        1e-09 
KINSolInit nni=    0  fnorm=      0.0001001030421994966  nfe=     1 
KINSol nni=    1 fnorm=      1.240603798725146e-07 nfe=     4
KINSol nni=    2 fnorm=      3.530059721496875e-10 nfe=     8
KINSol return value 1
---KINSOL_SUCCESS

-------------------------------------------------- 
                    Iteration             Total
Nonlin. Its.:               2               114
Lin. Its.:                  3               806
Func. Evals.:               8              1094
PC Evals.:                  2               114
PC Solves:                  5               920
Lin. Conv. Fails:           0                 0
Beta Cond. Fails:           0                 0
Backtracks:                 0                 0
-------------------------------------------------- 

KINSOL starting step for time 1.900000
scsteptol used:        1e-20 
fnormtol  used:        1e-09 
KINSolInit nni=    0  fnorm=      9.262829113262549e-05  nfe=     1 
KINSol nni=    1 fnorm=      1.082733657710499e-07 nfe=     4
KINSol nni=    2 fnorm=      2.889148019900131e-10 nfe=     8
KINSol return value 1
---KINSOL_SUCCESS

-------------------------------------------------- 
                    Iteration             Total
Nonlin. Its.:               2               116
Lin. Its.:                  3               809
Func. Evals.:               8              1102
PC Evals.:                  2               116
PC Solves:                  5               925
Lin. Conv. Fails:           0                 0
Beta Cond. Fails:           0                 0
Backtracks:                 0                 0
-------------------------------------------------- 

KINSOL starting step for time 1.950000
scsteptol used:        1e-20 
fnormtol  used:        1e-09 
KINSolInit nni=    0  fnorm=      8.590011031076423e-05  nfe=     1 
KINSol nni=    1 fnorm=      9.485979575819961e-08 nfe=     4
KINSol nni=    2 fnorm=      2.376021502210583e-10 nfe=     8
KINSol return value 1
---KINSOL_SUCCESS

-------------------------------------------------- 
                    Iteration             Total
Nonlin. Its.:               2               118
Lin. Its.:                  3               812
Func. Evals.:               8              1110
PC Evals.:                  2               118
PC Solves:                  5               930
Lin. Conv. Fails:           0                 0
Beta Cond. Fails:           0                 0
Backtracks:                 0                 0
-------------------------------------------------- 

KINSOL starting step for time 2.000000
scsteptol used:        1e-20 
fnormtol  used:        1e-09 
KINSolInit nni=    0  fnorm=      7.982648902699918e-05  nfe=     1 
KINSol nni=    1 fnorm=      8.341178719947834e-08 nfe=     4
KINSol nni=    2 fnorm=      1.963219029221781e-10 nfe=     8
KINSol return value 1
---KINSOL_SUCCESS

-------------------------------------------------- 
                    Iteration             Total
Nonlin. Its.:               2               120
Lin. Its.:                  3               815
Func. Evals.:               8              1118
PC Evals.:                  2               120
PC Solves:                  5               935
Lin. Conv. Fails:           0                 0
Beta Cond. Fails:           0                 0
Backtracks:                 0                 0
-------------------------------------------------- 
