
KINSOL starting step for time 0.050000
scsteptol used:        1e-20 
fnormtol  used:        1e-09 
KINSolInit nni=    0  fnorm=        0.01250000000000009  nfe=     1 
KINSol nni=    1 fnorm=        0.01199126486809741 nfe=    26
KINSol nni=    2 fnorm=       0.001454698597971492 nfe=    42
KINSol nni=    3 fnorm=      0.0001824374068831957 nfe=    63
KINSol nni=    4 fnorm=      6.466582314378223e-06 nfe=    80
KINSol nni=    5 fnorm=      4.643531768155882e-08 nfe=    99
KINSol nni=    6 fnorm=      4.155801919576936e-10 nfe=   120
KINSol return value 1
---KINSOL_SUCCESS

-------------------------------------------------- 
                    Iteration             Total
Nonlin. Its.:               6                 6
Lin. Its.:                 85                85
Func. Evals.:             120               120
PC Evals.:                  6                 6
PC Solves:                 91                91
Lin. Conv. Fails:           0                 0
Beta Cond. Fails:           0                 0
Backtracks:                 0                 0
-------------------------------------------------- 

KINSOL starting step for time 0.100000
scsteptol used:        1e-20 
fnormtol  used:        1e-09 
KINSolInit nni=    0  fnorm=        0.01396270813831388  nfe=     1 
KINSol nni=    1 fnorm=        0.01125700320711301 nfe=    24
KINSol nni=    2 fnorm=       0.006063415776596753 nfe=    54
KINSol nni=    3 fnorm=      0.0001467606680058512 nfe=    83
KINSol nni=    4 fnorm=      1.400706882060517e-06 nfe=   115
KINSol nni=    5 fnorm=      1.172076292591675e-08 nfe=   148
KINSol nni=    6 fnorm=      7.910080333893106e-11 nfe=   182
KINSol return value 1
---KINSOL_SUCCESS

-------------------------------------------------- 
                    Iteration             Total
Nonlin. Its.:               6                12
Lin. Its.:                168               253
Func. Evals.:             182               302
PC Evals.:                  6                12
PC Solves:                174               265
Lin. Conv. Fails:           0                 0
Beta Cond. Fails:           0                 0
Backtracks:                 0                 0
-------------------------------------------------- 

KINSOL starting step for time 0.150000
scsteptol used:        1e-20 
fnormtol  used:        1e-09 
KINSolInit nni=    0  fnorm=        0.03874869204748557  nfe=     1 
KINSol nni=    1 fnorm=       0.005038565024176796 nfe=    27
KINSol nni=    2 fnorm=      0.0001734147314370584 nfe=    48
KINSol nni=    3 fnorm=       2.23057014180984e-06 nfe=    74
KINSol nni=    4 fnorm=      1.897164726877307e-08 nfe=    97
KINSol nni=    5 fnorm=        1.6918148364003e-10 nfe=   123
KINSol return value 1
---KINSOL_SUCCESS

-------------------------------------------------- 
                    Iteration             Total
Nonlin. Its.:               5                17
Lin. Its.:                112               365
Func. Evals.:             123               425
PC Evals.:                  5                17
PC Solves:                117               382
Lin. Conv. Fails:           0                 0
Beta Cond. Fails:           0                 0
Backtracks:                 0                 0
-------------------------------------------------- 

KINSOL starting step for time 0.200000
scsteptol used:        1e-20 
fnormtol  used:        1e-09 
KINSolInit nni=    0  fnorm=       0.006922471499115349  nfe=     1 
KINSol nni=    1 fnorm=       0.001374375968342375 nfe=    24
KINSol nni=    2 fnorm=      2.555340810016808e-05 nfe=    40
KINSol nni=    3 fnorm=      1.886408307801994e-07 nfe=    59
KINSol nni=    4 fnorm=      1.040867325636491e-09 nfe=    79
KINSol return value 1
---KINSOL_SUCCESS

-------------------------------------------------- 
                    Iteration             Total
Nonlin. Its.:               4                21
Lin. Its.:                 70               435
Func. Evals.:              79               504
PC Evals.:                  4                21
PC Solves:                 74               456
Lin. Conv. Fails:           0                 0
Beta Cond. Fails:           0                 0
Backtracks:                 0                 0
-------------------------------------------------- 

KINSOL starting step for time 0.250000
scsteptol used:        1e-20 
fnormtol  used:        1e-09 
KINSolInit nni=    0  fnorm=       0.006046176213314534  nfe=     1 
KINSol nni=    1 fnorm=      0.0004113778977731485 nfe=    13
KINSol nni=    2 fnorm=       4.85824806385534e-06 nfe=    27
KINSol nni=    3 fnorm=      1.678797233420745e-08 nfe=    47
KINSol nni=    4 fnorm=      1.482723869539336e-10 nfe=    62
KINSol return value 1
---KINSOL_SUCCESS

-------------------------------------------------- 
                    Iteration             Total
Nonlin. Its.:               4                25
Lin. Its.:                 53               488
Func. Evals.:              62               566
PC Evals.:                  4                25
PC Solves:                 57               513
Lin. Conv. Fails:           0                 0
Beta Cond. Fails:           0                 0
Backtracks:                 0                 0
-------------------------------------------------- 

KINSOL starting step for time 0.300000
scsteptol used:        1e-20 
fnormtol  used:        1e-09 
KINSolInit nni=    0  fnorm=       0.006960798475720027  nfe=     1 
KINSol nni=    1 fnorm=      0.0001422009460176511 nfe=     8
KINSol nni=    2 fnorm=      1.421174909324542e-06 nfe=    20
KINSol nni=    3 fnorm=      1.268067379655983e-08 nfe=    36
KINSol nni=    4 fnorm=      1.081881576833323e-10 nfe=    50
KINSol return value 1
---KINSOL_SUCCESS

-------------------------------------------------- 
                    Iteration             Total
Nonlin. Its.:               4                29
Lin. Its.:                 41               529
Func. Evals.:              50               616
PC Evals.:                  4                29
PC Solves:                 45               558
Lin. Conv. Fails:           0                 0
Beta Cond. Fails:           0                 0
Backtracks:                 0                 0
-------------------------------------------------- 

KINSOL starting step for time 0.350000
scsteptol used:        1e-20 
fnormtol  used:        1e-09 
KINSolInit nni=    0  fnorm=       0.006431546176379812  nfe=     1 
KINSol nni=    1 fnorm=      7.598070012051526e-05 nfe=     6
KINSol nni=    2 fnorm=      4.231713158288909e-07 nfe=    15
KINSol nni=    3 fnorm=      1.604935926062089e-09 nfe=    32
KINSol return value 1
---KINSOL_SUCCESS

-------------------------------------------------- 
                    Iteration             Total
Nonlin. Its.:               3                32
Lin. Its.:                 25               554
Func. Evals.:              32               648
PC Evals.:                  3                32
PC Solves:                 28               586
Lin. Conv. Fails:           0                 0
Beta Cond. Fails:           0                 0
Backtracks:                 0                 0
-------------------------------------------------- 

KINSOL starting step for time 0.400000
scsteptol used:        1e-20 
fnormtol  used:        1e-09 
KINSolInit nni=    0  fnorm=       0.005464398220837154  nfe=     1 
KINSol nni=    1 fnorm=      6.700379322546788e-05 nfe=     5
KINSol nni=    2 fnorm=      8.915027813953636e-07 nfe=    14
KINSol nni=    3 fnorm=      6.289098925486691e-09 nfe=    26
KINSol nni=    4 fnorm=      4.224312591789146e-11 nfe=    41
KINSol return value 1
---KINSOL_SUCCESS

-------------------------------------------------- 
                    Iteration             Total
Nonlin. Its.:               4                36
Lin. Its.:                 32               586
Func. Evals.:              41               689
PC Evals.:                  4                36
PC Solves:                 36               622
Lin. Conv. Fails:           0                 0
Beta Cond. Fails:           0                 0
Backtracks:                 0                 0
-------------------------------------------------- 

KINSOL starting step for time 0.450000
scsteptol used:        1e-20 
fnormtol  used:        1e-09 
KINSolInit nni=    0  fnorm=       0.004482200478332919  nfe=     1 
KINSol nni=    1 fnorm=      4.310854919346549e-05 nfe=     5
KINSol nni=    2 fnorm=      3.092405023199089e-07 nfe=    11
KINSol nni=    3 fnorm=      1.637692023748729e-09 nfe=    23
KINSol return value 1
---KINSOL_SUCCESS

-------------------------------------------------- 
                    Iteration             Total
Nonlin. Its.:               3                39
Lin. Its.:                 16               602
Func. Evals.:              23               712
PC Evals.:                  3                39
PC Solves:                 19               641
Lin. Conv. Fails:           0                 0
Beta Cond. Fails:           0                 0
Backtracks:                 0                 0
-------------------------------------------------- 

KINSOL starting step for time 0.500000
scsteptol used:        1e-20 
fnormtol  used:        1e-09 
KINSolInit nni=    0  fnorm=       0.003627039960829984  nfe=     1 
KINSol nni=    1 fnorm=      3.158718169308456e-05 nfe=     5
KINSol nni=    2 fnorm=      1.638721775069648e-07 nfe=    11
KINSol nni=    3 fnorm=      1.467623925281127e-09 nfe=    21
KINSol return value 1
---KINSOL_SUCCESS

-------------------------------------------------- 
                    Iteration             Total
Nonlin. Its.:               3                42
Lin. Its.:                 14               616
Func. Evals.:              21               733
PC Evals.:                  3                42
PC Solves:                 17               658
Lin. Conv. Fails:           0                 0
Beta Cond. Fails:           0                 0
Backtracks:                 0                 0
-------------------------------------------------- 

KINSOL starting step for time 0.550000
scsteptol used:        1e-20 
fnormtol  used:        1e-09 
KINSolInit nni=    0  fnorm=       0.002927499883940444  nfe=     1 
KINSol nni=    1 fnorm=      2.377423706733235e-05 nfe=     5
KINSol nni=    2 fnorm=      1.429653606266629e-07 nfe=    12
KINSol nni=    3 fnorm=      7.096171889533183e-10 nfe=    20
KINSol return value 1
---KINSOL_SUCCESS

-------------------------------------------------- 
                    Iteration             Total
Nonlin. Its.:               3                45
Lin. Its.:                 13               629
Func. Evals.:              20               753
PC Evals.:                  3                45
PC Solves:                 16               674
Lin. Conv. Fails:           0                 0
Beta Cond. Fails:           0                 0
Backtracks:                 0                 0
-------------------------------------------------- 

KINSOL starting step for time 0.600000
scsteptol used:        1e-20 
fnormtol  used:        1e-09 
KINSolInit nni=    0  fnorm=       0.002370647060638335  nfe=     1 
KINSol nni=    1 fnorm=      1.789304741440912e-05 nfe=     5
KINSol nni=    2 fnorm=       1.71099111231269e-07 nfe=    10
KINSol nni=    3 fnorm=       9.04493240471488e-10 nfe=    18
KINSol return value 1
---KINSOL_SUCCESS

-------------------------------------------------- 
                    Iteration             Total
Nonlin. Its.:               3                48
Lin. Its.:                 11               640
Func. Evals.:              18               771
PC Evals.:                  3                48
PC Solves:                 14               688
Lin. Conv. Fails:           0                 0
Beta Cond. Fails:           0                 0
Backtracks:                 0                 0
-------------------------------------------------- 

KINSOL starting step for time 0.650000
scsteptol used:        1e-20 
fnormtol  used:        1e-09 
KINSolInit nni=    0  fnorm=       0.001931983603191582  nfe=     1 
KINSol nni=    1 fnorm=      1.344992534712302e-05 nfe=     5
KINSol nni=    2 fnorm=      9.034536615739107e-08 nfe=    10
KINSol nni=    3 fnorm=      2.777747118789876e-10 nfe=    17
KINSol return value 1
---KINSOL_SUCCESS

-------------------------------------------------- 
                    Iteration             Total
Nonlin. Its.:               3                51
Lin. Its.:                 10               650
Func. Evals.:              17               788
PC Evals.:                  3                51
PC Solves:                 13               701
Lin. Conv. Fails:           0                 0
Beta Cond. Fails:           0                 0
Backtracks:                 0                 0
-------------------------------------------------- 

KINSOL starting step for time 0.700000
scsteptol used:        1e-20 
fnormtol  used:        1e-09 
KINSolInit nni=    0  fnorm=        0.00158696620421255  nfe=     1 
KINSol nni=    1 fnorm=      1.013040346780773e-05 nfe=     5
KINSol nni=    2 fnorm=      9.336219362331128e-08 nfe=     9
KINSol nni=    3 fnorm=      8.941615411473616e-10 nfe=    16
KINSol return value 1
---KINSOL_SUCCESS

-------------------------------------------------- 
                    Iteration             Total
Nonlin. Its.:               3                54
Lin. Its.:                  9               659
Func. Evals.:              16               804
PC Evals.:                  3                54
PC Solves:                 12               713
Lin. Conv. Fails:           0                 0
Beta Cond. Fails:           0                 0
Backtracks:                 0                 0
-------------------------------------------------- 

KINSOL starting step for time 0.750000
scsteptol used:        1e-20 
fnormtol  used:        1e-09 
KINSolInit nni=    0  fnorm=       0.001314706720864047  nfe=     1 
KINSol nni=    1 fnorm=      7.668119297330659e-06 nfe=     5
KINSol nni=    2 fnorm=       5.88072632917159e-08 nfe=     9
KINSol nni=    3 fnorm=      1.145842623551259e-10 nfe=    16
KINSol return value 1
---KINSOL_SUCCESS

-------------------------------------------------- 
                    Iteration             Total
Nonlin. Its.:               3                57
Lin. Its.:                  9               668
Func. Evals.:              16               820
PC Evals.:                  3                57
PC Solves:                 12               725
Lin. Conv. Fails:           0                 0
Beta Cond. Fails:           0                 0
Backtracks:                 0                 0
-------------------------------------------------- 
