*****************************************************************************
ParFlow Output Log
	Version         : v3.9.0-11-g211adf1
	Compiled on     : Sep 17 2021 00:22:57
*****************************************************************************
==============================================
BEGIN Log Info (SolverRichards)

Transient Problem Solved.
-------------------------

Total Timesteps: 41

-------------------------
Sequence #       Time         \Delta t         Dumpfile #   Recompute?
----------   ------------   ------------ -     ----------   ----------
  000000     0.000000e+00   0.000000e+00 i       000000          n
  000001     2.500000e-02   2.500000e-02 p                       y
  000002     5.000000e-02   2.500000e-02 p       000001          y
  000003     1.000000e-01   5.000000e-02 p       000002          y
  000004     1.500000e-01   5.000000e-02 p       000003          y
  000005     2.000000e-01   5.000000e-02 p       000004          y
  000006     2.500000e-01   5.000000e-02 p       000005          y
  000007     3.000000e-01   5.000000e-02 p       000006          y
  000008     3.500000e-01   5.000000e-02 p       000007          y
  000009     4.000000e-01   5.000000e-02 p       000008          y
  000010     4.500000e-01   5.000000e-02 p       000009          y
  000011     5.000000e-01   5.000000e-02 p       000010          y
  000012     5.500000e-01   5.000000e-02 p       000011          y
  000013     6.000000e-01   5.000000e-02 p       000012          y
  000014     6.500000e-01   5.000000e-02 p       000013          y
  000015     7.000000e-01   5.000000e-02 p       000014          y
  000016     7.500000e-01   5.000000e-02 p       000015          y
  000017     8.000000e-01   5.000000e-02 p       000016          y
  000018     8.500000e-01   5.000000e-02 p       000017          y
  000019     9.000000e-01   5.000000e-02 p       000018          y
  000020     9.500000e-01   5.000000e-02 p       000019          y
  000021     1.000000e+00   5.000000e-02 p       000020          y
  000022     1.050000e+00   5.000000e-02 p       000021          y
  000023     1.100000e+00   5.000000e-02 p       000022          y
  000024     1.150000e+00   5.000000e-02 p       000023          y
  000025     1.200000e+00   5.000000e-02 p       000024          y
  000026     1.250000e+00   5.000000e-02 p       000025          y
  000027     1.300000e+00   5.000000e-02 p       000026          y
  000028     1.350000e+00   5.000000e-02 p       000027          y
  000029     1.400000e+00   5.000000e-02 p       000028          y
  000030     1.450000e+00   5.000000e-02 p       000029          y
  000031     1.500000e+00   5.000000e-02 p       000030          y
  000032     1.550000e+00   5.000000e-02 p       000031          y
  000033     1.600000e+00   5.000000e-02 p       000032          y
  000034     1.650000e+00   5.000000e-02 p       000033          y
  000035     1.700000e+00   5.000000e-02 p       000034          y
  000036     1.750000e+00   5.000000e-02 p       000035          y
  000037     1.800000e+00   5.000000e-02 p       000036          y
  000038     1.850000e+00   5.000000e-02 p       000037          y
  000039     1.900000e+00   5.000000e-02 p       000038          y
  000040     1.950000e+00   5.000000e-02 p       000039          y
  000041     2.000000e+00   5.000000e-02 f       000040          y

Overland flow Results
  000000     0.000000e+00   0.000000e+00
  000001     2.500000e-02   2.500000e-02
  000002     5.000000e-02   2.500000e-02
  000003     1.000000e-01   5.000000e-02
  000004     1.500000e-01   5.000000e-02
  000005     2.000000e-01   5.000000e-02
  000006     2.500000e-01   5.000000e-02
  000007     3.000000e-01   5.000000e-02
  000008     3.500000e-01   5.000000e-02
  000009     4.000000e-01   5.000000e-02
  000010     4.500000e-01   5.000000e-02
  000011     5.000000e-01   5.000000e-02
  000012     5.500000e-01   5.000000e-02
  000013     6.000000e-01   5.000000e-02
  000014     6.500000e-01   5.000000e-02
  000015     7.000000e-01   5.000000e-02
  000016     7.500000e-01   5.000000e-02
  000017     8.000000e-01   5.000000e-02
  000018     8.500000e-01   5.000000e-02
  000019     9.000000e-01   5.000000e-02
  000020     9.500000e-01   5.000000e-02
  000021     1.000000e+00   5.000000e-02
  000022     1.050000e+00   5.000000e-02
  000023     1.100000e+00   5.000000e-02
  000024     1.150000e+00   5.000000e-02
  000025     1.200000e+00   5.000000e-02
  000026     1.250000e+00   5.000000e-02
  000027     1.300000e+00   5.000000e-02
  000028     1.350000e+00   5.000000e-02
  000029     1.400000e+00   5.000000e-02
  000030     1.450000e+00   5.000000e-02
  000031     1.500000e+00   5.000000e-02
  000032     1.550000e+00   5.000000e-02
  000033     1.600000e+00   5.000000e-02
  000034     1.650000e+00   5.000000e-02
  000035     1.700000e+00   5.000000e-02
  000036     1.750000e+00   5.000000e-02
  000037     1.800000e+00   5.000000e-02
  000038     1.850000e+00   5.000000e-02
  000039     1.900000e+00   5.000000e-02
  000040     1.950000e+00   5.000000e-02
  000041     2.000000e+00   5.000000e-02

END Log Info
==============================================
==============================================
BEGIN Log Info (Globals)

Run Name: /data/main/TV-Ensemble-Training-InRange/00/overland_tiltedV
Logging Level = 1
Num processes = 1
Process grid = (1,1,1)

END Log Info
==============================================
==============================================
BEGIN Log Info (Timing)

Solver Setup:
  wall clock time   = 0.012700 seconds
  wall MFLOPS = 0.000000 (0)
Solver:
  wall clock time   = 2.240300 seconds
  wall MFLOPS = 15.989067 (3.58203e+07)
Richards Exclude 1st Time Step:
  wall clock time   = 1.672700 seconds
  wall MFLOPS = 11.245965 (1.88111e+07)
Solver Cleanup:
  wall clock time   = 0.000900 seconds
  wall MFLOPS = 0.000000 (0)
Matvec:
  wall clock time   = 0.000000 seconds
  wall MFLOPS = 0.000000 (0)
PFSB I/O:
  wall clock time   = 0.000000 seconds
  wall MFLOPS = 0.000000 (0)
PFB I/O:
  wall clock time   = 0.715800 seconds
  wall MFLOPS = 0.000000 (0)
CLM:
  wall clock time   = 0.000700 seconds
  wall MFLOPS = 0.000000 (0)
PFSOL Read:
  wall clock time   = 0.000000 seconds
  wall MFLOPS = 0.000000 (0)
Clustering:
  wall clock time   = 0.069500 seconds
  wall MFLOPS = 0.000000 (0)
Permeability Face:
  wall clock time   = 0.000000 seconds
  wall MFLOPS = 0.000000 (0)
Godunov Advection:
  wall clock time   = 0.000000 seconds
  wall MFLOPS = 0.000000 (0)
Geometries:
  wall clock time   = 0.061700 seconds
  wall MFLOPS = 0.000000 (0)
SubsrfSim:
  wall clock time   = 0.000000 seconds
  wall MFLOPS = 0.000000 (0)
Porosity:
  wall clock time   = 0.000000 seconds
  wall MFLOPS = 0.000000 (0)
PhaseRelPerm:
  wall clock time   = 0.114200 seconds
  wall MFLOPS = 0.013634 (1557)
PFMG:
  wall clock time   = 0.038800 seconds
  wall MFLOPS = 0.000000 (0)
HYPRE_Copies:
  wall clock time   = 0.039100 seconds
  wall MFLOPS = 0.000000 (0)
NL_F_Eval:
  wall clock time   = 0.802600 seconds
  wall MFLOPS = 0.001618 (1299)
KINSol:
  wall clock time   = 1.219800 seconds
  wall MFLOPS = 29.365721 (3.58203e+07)

END Log Info
==============================================
==============================================
BEGIN Log Info (ParFlow Total Time)

Total Run Time: 2.348700 seconds

Maximum memory used on processor 0 : 6 MB


BEGIN(Contents of /proc/26/status)
Name:	parflow
Umask:	0022
State:	R (running)
Tgid:	26
Ngid:	0
Pid:	26
PPid:	24
TracerPid:	0
Uid:	0	0	0	0
Gid:	0	0	0	0
FDSize:	64
Groups:	 
NStgid:	26
NSpid:	26
NSpgid:	26
NSsid:	1
VmPeak:	  369904 kB
VmSize:	  321392 kB
VmLck:	       0 kB
VmPin:	       0 kB
VmHWM:	   19164 kB
VmRSS:	   19164 kB
RssAnon:	    6696 kB
RssFile:	   12468 kB
RssShmem:	       0 kB
VmData:	   66316 kB
VmStk:	     132 kB
VmExe:	    5100 kB
VmLib:	   20152 kB
VmPTE:	     464 kB
VmSwap:	       0 kB
HugetlbPages:	       0 kB
CoreDumping:	0
THP_enabled:	1
Threads:	2
SigQ:	1/7413
SigPnd:	0000000000000000
ShdPnd:	0000000000000000
SigBlk:	0000000000000000
SigIgn:	0000000001000000
SigCgt:	0000000180000020
CapInh:	00000000a80425fb
CapPrm:	00000000a80425fb
CapEff:	00000000a80425fb
CapBnd:	00000000a80425fb
CapAmb:	0000000000000000
NoNewPrivs:	0
Seccomp:	2
Seccomp_filters:	1
Speculation_Store_Bypass:	vulnerable
Cpus_allowed:	01
Cpus_allowed_list:	0
Mems_allowed:	1
Mems_allowed_list:	0
voluntary_ctxt_switches:	2204
nonvoluntary_ctxt_switches:	891


END(Contents of /proc/26/status)

Memory in use : 2 MB in 1693 allocs, 6 MB reserved ( 4 unused)


END Log Info
==============================================
