
KINSOL starting step for time 0.050000
scsteptol used:        1e-20 
fnormtol  used:        1e-09 
KINSolInit nni=    0  fnorm=       0.006250000000000044  nfe=     1 
KINSol nni=    1 fnorm=        0.00579213240487868 nfe=    26
KINSol nni=    2 fnorm=       0.003295489034316333 nfe=    44
KINSol nni=    3 fnorm=       0.003295480969961929 nfe=   105
KINSol nni=    4 fnorm=       0.003295476893236711 nfe=   164
KINSol nni=    5 fnorm=       0.003295476893236711 nfe=   275
KINSol nni=    6 fnorm=       0.003295476893236711 nfe=   385
KINSol return value 3
---KINSOL_STEP_LT_STPTOL

-------------------------------------------------- 
                    Iteration             Total
Nonlin. Its.:               6                 6
Lin. Its.:                217               217
Func. Evals.:             385               385
PC Evals.:                  6                 6
PC Solves:                223               223
Lin. Conv. Fails:           4                 4
Beta Cond. Fails:           1                 1
Backtracks:                58                58
-------------------------------------------------- 

KINSOL starting step for time 0.025000
scsteptol used:        1e-20 
fnormtol  used:        1e-09 
KINSolInit nni=    0  fnorm=       0.003125000000000022  nfe=     1 
KINSol nni=    1 fnorm=       0.002583359418406621 nfe=    13
KINSol nni=    2 fnorm=      0.0006451352815809103 nfe=    16
KINSol nni=    3 fnorm=      7.733639179822621e-05 nfe=    19
KINSol nni=    4 fnorm=      1.454620835705101e-06 nfe=    22
KINSol nni=    5 fnorm=      5.361827083672989e-10 nfe=    25
KINSol return value 1
---KINSOL_SUCCESS

-------------------------------------------------- 
                    Iteration             Total
Nonlin. Its.:               5                11
Lin. Its.:                  5               222
Func. Evals.:              25               410
PC Evals.:                  5                11
PC Solves:                 10               233
Lin. Conv. Fails:           0                 4
Beta Cond. Fails:           0                 1
Backtracks:                 0                58
-------------------------------------------------- 

KINSOL starting step for time 0.050000
scsteptol used:        1e-20 
fnormtol  used:        1e-09 
KINSolInit nni=    0  fnorm=       0.003125000000000022  nfe=     1 
KINSol nni=    1 fnorm=       0.001482961039441498 nfe=     6
KINSol nni=    2 fnorm=      6.419483795833583e-05 nfe=     9
KINSol nni=    3 fnorm=       3.46591061695218e-07 nfe=    12
KINSol nni=    4 fnorm=       1.03948909907243e-11 nfe=    15
KINSol return value 1
---KINSOL_SUCCESS

-------------------------------------------------- 
                    Iteration             Total
Nonlin. Its.:               4                15
Lin. Its.:                  4               226
Func. Evals.:              15               425
PC Evals.:                  4                15
PC Solves:                  8               241
Lin. Conv. Fails:           0                 4
Beta Cond. Fails:           0                 1
Backtracks:                 0                58
-------------------------------------------------- 

KINSOL starting step for time 0.100000
scsteptol used:        1e-20 
fnormtol  used:        1e-09 
KINSolInit nni=    0  fnorm=       0.006250000000000044  nfe=     1 
KINSol nni=    1 fnorm=       0.002997987095394451 nfe=     6
KINSol nni=    2 fnorm=       0.002975538309776543 nfe=    11
KINSol nni=    3 fnorm=       0.002972868315194557 nfe=    17
KINSol nni=    4 fnorm=       0.002970379647378277 nfe=    23
KINSol nni=    5 fnorm=       0.002968475016093587 nfe=    29
KINSol nni=    6 fnorm=       0.002968360026807651 nfe=    37
KINSol nni=    7 fnorm=       0.002968341320631894 nfe=    46
KINSol nni=    8 fnorm=       0.002968340193035736 nfe=    73
KINSol nni=    9 fnorm=       0.001646712374493105 nfe=    89
KINSol nni=   10 fnorm=       5.17191216964645e-05 nfe=   108
KINSol nni=   11 fnorm=      5.358068949285806e-07 nfe=   126
KINSol nni=   12 fnorm=      4.764322940036925e-09 nfe=   147
KINSol nni=   13 fnorm=      3.572618455412961e-11 nfe=   167
KINSol return value 1
---KINSOL_SUCCESS

-------------------------------------------------- 
                    Iteration             Total
Nonlin. Its.:              13                28
Lin. Its.:                 92               318
Func. Evals.:             167               592
PC Evals.:                 13                28
PC Solves:                105               346
Lin. Conv. Fails:           0                 4
Beta Cond. Fails:           0                 1
Backtracks:                 0                58
-------------------------------------------------- 

KINSOL starting step for time 0.150000
scsteptol used:        1e-20 
fnormtol  used:        1e-09 
KINSolInit nni=    0  fnorm=       0.006341910280892144  nfe=     1 
KINSol nni=    1 fnorm=      0.0003830720093869789 nfe=    18
KINSol nni=    2 fnorm=      7.564628405326642e-06 nfe=    36
KINSol nni=    3 fnorm=      6.438381259905604e-08 nfe=    54
KINSol nni=    4 fnorm=      5.395882889392166e-10 nfe=    73
KINSol return value 1
---KINSOL_SUCCESS

-------------------------------------------------- 
                    Iteration             Total
Nonlin. Its.:               4                32
Lin. Its.:                 64               382
Func. Evals.:              73               665
PC Evals.:                  4                32
PC Solves:                 68               414
Lin. Conv. Fails:           0                 4
Beta Cond. Fails:           0                 1
Backtracks:                 0                58
-------------------------------------------------- 

KINSOL starting step for time 0.200000
scsteptol used:        1e-20 
fnormtol  used:        1e-09 
KINSolInit nni=    0  fnorm=        0.00300532200551376  nfe=     1 
KINSol nni=    1 fnorm=      0.0001852417908046614 nfe=    17
KINSol nni=    2 fnorm=      1.819506900804411e-06 nfe=    30
KINSol nni=    3 fnorm=      1.486073386743565e-08 nfe=    47
KINSol nni=    4 fnorm=      1.400057105681653e-10 nfe=    62
KINSol return value 1
---KINSOL_SUCCESS

-------------------------------------------------- 
                    Iteration             Total
Nonlin. Its.:               4                36
Lin. Its.:                 53               435
Func. Evals.:              62               727
PC Evals.:                  4                36
PC Solves:                 57               471
Lin. Conv. Fails:           0                 4
Beta Cond. Fails:           0                 1
Backtracks:                 0                58
-------------------------------------------------- 

KINSOL starting step for time 0.250000
scsteptol used:        1e-20 
fnormtol  used:        1e-09 
KINSolInit nni=    0  fnorm=       0.001370108770562793  nfe=     1 
KINSol nni=    1 fnorm=      8.398769444314946e-05 nfe=    11
KINSol nni=    2 fnorm=      6.211036342982291e-07 nfe=    23
KINSol nni=    3 fnorm=      3.995425151779396e-09 nfe=    39
KINSol nni=    4 fnorm=      2.386065125676994e-11 nfe=    53
KINSol return value 1
---KINSOL_SUCCESS

-------------------------------------------------- 
                    Iteration             Total
Nonlin. Its.:               4                40
Lin. Its.:                 44               479
Func. Evals.:              53               780
PC Evals.:                  4                40
PC Solves:                 48               519
Lin. Conv. Fails:           0                 4
Beta Cond. Fails:           0                 1
Backtracks:                 0                58
-------------------------------------------------- 

KINSOL starting step for time 0.300000
scsteptol used:        1e-20 
fnormtol  used:        1e-09 
KINSolInit nni=    0  fnorm=       0.000722928447250733  nfe=     1 
KINSol nni=    1 fnorm=      3.946951673054611e-05 nfe=     9
KINSol nni=    2 fnorm=      3.368512983130051e-07 nfe=    19
KINSol nni=    3 fnorm=       2.40670281734378e-09 nfe=    33
KINSol nni=    4 fnorm=      2.014761592405875e-11 nfe=    46
KINSol return value 1
---KINSOL_SUCCESS

-------------------------------------------------- 
                    Iteration             Total
Nonlin. Its.:               4                44
Lin. Its.:                 37               516
Func. Evals.:              46               826
PC Evals.:                  4                44
PC Solves:                 41               560
Lin. Conv. Fails:           0                 4
Beta Cond. Fails:           0                 1
Backtracks:                 0                58
-------------------------------------------------- 

KINSOL starting step for time 0.350000
scsteptol used:        1e-20 
fnormtol  used:        1e-09 
KINSolInit nni=    0  fnorm=      0.0005923319416767667  nfe=     1 
KINSol nni=    1 fnorm=       2.03073453002961e-05 nfe=     8
KINSol nni=    2 fnorm=      1.499331960699095e-07 nfe=    16
KINSol nni=    3 fnorm=       1.13497257179746e-09 nfe=    29
KINSol return value 1
---KINSOL_SUCCESS

-------------------------------------------------- 
                    Iteration             Total
Nonlin. Its.:               3                47
Lin. Its.:                 22               538
Func. Evals.:              29               855
PC Evals.:                  3                47
PC Solves:                 25               585
Lin. Conv. Fails:           0                 4
Beta Cond. Fails:           0                 1
Backtracks:                 0                58
-------------------------------------------------- 

KINSOL starting step for time 0.400000
scsteptol used:        1e-20 
fnormtol  used:        1e-09 
KINSolInit nni=    0  fnorm=      0.0006184080354097969  nfe=     1 
KINSol nni=    1 fnorm=      1.209237392268619e-05 nfe=     7
KINSol nni=    2 fnorm=      9.774662548312325e-08 nfe=    16
KINSol nni=    3 fnorm=      7.281659494296233e-10 nfe=    27
KINSol return value 1
---KINSOL_SUCCESS

-------------------------------------------------- 
                    Iteration             Total
Nonlin. Its.:               3                50
Lin. Its.:                 20               558
Func. Evals.:              27               882
PC Evals.:                  3                50
PC Solves:                 23               608
Lin. Conv. Fails:           0                 4
Beta Cond. Fails:           0                 1
Backtracks:                 0                58
-------------------------------------------------- 

KINSOL starting step for time 0.450000
scsteptol used:        1e-20 
fnormtol  used:        1e-09 
KINSolInit nni=    0  fnorm=      0.0006506360847018561  nfe=     1 
KINSol nni=    1 fnorm=      7.580640000782395e-06 nfe=     7
KINSol nni=    2 fnorm=      4.396804100610841e-08 nfe=    15
KINSol nni=    3 fnorm=      4.282609085770017e-10 nfe=    26
KINSol return value 1
---KINSOL_SUCCESS

-------------------------------------------------- 
                    Iteration             Total
Nonlin. Its.:               3                53
Lin. Its.:                 19               577
Func. Evals.:              26               908
PC Evals.:                  3                53
PC Solves:                 22               630
Lin. Conv. Fails:           0                 4
Beta Cond. Fails:           0                 1
Backtracks:                 0                58
-------------------------------------------------- 

KINSOL starting step for time 0.500000
scsteptol used:        1e-20 
fnormtol  used:        1e-09 
KINSolInit nni=    0  fnorm=      0.0006642289097255046  nfe=     1 
KINSol nni=    1 fnorm=      6.624964451312573e-06 nfe=     6
KINSol nni=    2 fnorm=      2.833701842626647e-08 nfe=    13
KINSol nni=    3 fnorm=      1.453515838484068e-10 nfe=    22
KINSol return value 1
---KINSOL_SUCCESS

-------------------------------------------------- 
                    Iteration             Total
Nonlin. Its.:               3                56
Lin. Its.:                 15               592
Func. Evals.:              22               930
PC Evals.:                  3                56
PC Solves:                 18               648
Lin. Conv. Fails:           0                 4
Beta Cond. Fails:           0                 1
Backtracks:                 0                58
-------------------------------------------------- 

KINSOL starting step for time 0.550000
scsteptol used:        1e-20 
fnormtol  used:        1e-09 
KINSolInit nni=    0  fnorm=      0.0006599731248962702  nfe=     1 
KINSol nni=    1 fnorm=      4.019982051797518e-06 nfe=     6
KINSol nni=    2 fnorm=      1.464482487104065e-08 nfe=    12
KINSol nni=    3 fnorm=      5.873964287120363e-11 nfe=    22
KINSol return value 1
---KINSOL_SUCCESS

-------------------------------------------------- 
                    Iteration             Total
Nonlin. Its.:               3                59
Lin. Its.:                 15               607
Func. Evals.:              22               952
PC Evals.:                  3                59
PC Solves:                 18               666
Lin. Conv. Fails:           0                 4
Beta Cond. Fails:           0                 1
Backtracks:                 0                58
-------------------------------------------------- 

KINSOL starting step for time 0.600000
scsteptol used:        1e-20 
fnormtol  used:        1e-09 
KINSolInit nni=    0  fnorm=      0.0006416714127009485  nfe=     1 
KINSol nni=    1 fnorm=      2.713253018224292e-06 nfe=     6
KINSol nni=    2 fnorm=      2.115707685456636e-08 nfe=    12
KINSol nni=    3 fnorm=       5.29854419248888e-11 nfe=    22
KINSol return value 1
---KINSOL_SUCCESS

-------------------------------------------------- 
                    Iteration             Total
Nonlin. Its.:               3                62
Lin. Its.:                 15               622
Func. Evals.:              22               974
PC Evals.:                  3                62
PC Solves:                 18               684
Lin. Conv. Fails:           0                 4
Beta Cond. Fails:           0                 1
Backtracks:                 0                58
-------------------------------------------------- 

KINSOL starting step for time 0.650000
scsteptol used:        1e-20 
fnormtol  used:        1e-09 
KINSolInit nni=    0  fnorm=      0.0006130791430379436  nfe=     1 
KINSol nni=    1 fnorm=      4.638598748327088e-06 nfe=     5
KINSol nni=    2 fnorm=      2.893252034776646e-08 nfe=    11
KINSol nni=    3 fnorm=      1.348658029033042e-10 nfe=    20
KINSol return value 1
---KINSOL_SUCCESS

-------------------------------------------------- 
                    Iteration             Total
Nonlin. Its.:               3                65
Lin. Its.:                 13               635
Func. Evals.:              20               994
PC Evals.:                  3                65
PC Solves:                 16               700
Lin. Conv. Fails:           0                 4
Beta Cond. Fails:           0                 1
Backtracks:                 0                58
-------------------------------------------------- 

KINSOL starting step for time 0.700000
scsteptol used:        1e-20 
fnormtol  used:        1e-09 
KINSolInit nni=    0  fnorm=       0.000577608686329202  nfe=     1 
KINSol nni=    1 fnorm=      2.947402108296366e-06 nfe=     5
KINSol nni=    2 fnorm=      2.244624452657288e-08 nfe=    11
KINSol nni=    3 fnorm=      8.466298087638357e-11 nfe=    19
KINSol return value 1
---KINSOL_SUCCESS

-------------------------------------------------- 
                    Iteration             Total
Nonlin. Its.:               3                68
Lin. Its.:                 12               647
Func. Evals.:              19              1013
PC Evals.:                  3                68
PC Solves:                 15               715
Lin. Conv. Fails:           0                 4
Beta Cond. Fails:           0                 1
Backtracks:                 0                58
-------------------------------------------------- 

KINSOL starting step for time 0.750000
scsteptol used:        1e-20 
fnormtol  used:        1e-09 
KINSolInit nni=    0  fnorm=      0.0005382185406062803  nfe=     1 
KINSol nni=    1 fnorm=       1.93037276379006e-06 nfe=     5
KINSol nni=    2 fnorm=      5.519588935326045e-09 nfe=    11
KINSol nni=    3 fnorm=      5.342239101355131e-11 nfe=    19
KINSol return value 1
---KINSOL_SUCCESS

-------------------------------------------------- 
                    Iteration             Total
Nonlin. Its.:               3                71
Lin. Its.:                 12               659
Func. Evals.:              19              1032
PC Evals.:                  3                71
PC Solves:                 15               730
Lin. Conv. Fails:           0                 4
Beta Cond. Fails:           0                 1
Backtracks:                 0                58
-------------------------------------------------- 

KINSOL starting step for time 0.800000
scsteptol used:        1e-20 
fnormtol  used:        1e-09 
KINSolInit nni=    0  fnorm=      0.0004973045535279323  nfe=     1 
KINSol nni=    1 fnorm=      1.349140817092501e-06 nfe=     5
KINSol nni=    2 fnorm=      2.760938948645882e-09 nfe=    11
KINSol nni=    3 fnorm=      1.590127406819424e-11 nfe=    19
KINSol return value 1
---KINSOL_SUCCESS

-------------------------------------------------- 
                    Iteration             Total
Nonlin. Its.:               3                74
Lin. Its.:                 12               671
Func. Evals.:              19              1051
PC Evals.:                  3                74
PC Solves:                 15               745
Lin. Conv. Fails:           0                 4
Beta Cond. Fails:           0                 1
Backtracks:                 0                58
-------------------------------------------------- 

KINSOL starting step for time 0.850000
scsteptol used:        1e-20 
fnormtol  used:        1e-09 
KINSolInit nni=    0  fnorm=      0.0004566615655373144  nfe=     1 
KINSol nni=    1 fnorm=      1.026964981149864e-06 nfe=     5
KINSol nni=    2 fnorm=      1.096495685341943e-09 nfe=    11
KINSol return value 1
---KINSOL_SUCCESS

-------------------------------------------------- 
                    Iteration             Total
Nonlin. Its.:               2                76
Lin. Its.:                  6               677
Func. Evals.:              11              1062
PC Evals.:                  2                76
PC Solves:                  8               753
Lin. Conv. Fails:           0                 4
Beta Cond. Fails:           0                 1
Backtracks:                 0                58
-------------------------------------------------- 

KINSOL starting step for time 0.900000
scsteptol used:        1e-20 
fnormtol  used:        1e-09 
KINSolInit nni=    0  fnorm=      0.0004175259419639334  nfe=     1 
KINSol nni=    1 fnorm=      8.428928417689884e-07 nfe=     5
KINSol nni=    2 fnorm=      2.396915146271964e-09 nfe=    11
KINSol nni=    3 fnorm=      6.455516115778889e-12 nfe=    18
KINSol return value 1
---KINSOL_SUCCESS

-------------------------------------------------- 
                    Iteration             Total
Nonlin. Its.:               3                79
Lin. Its.:                 11               688
Func. Evals.:              18              1080
PC Evals.:                  3                79
PC Solves:                 14               767
Lin. Conv. Fails:           0                 4
Beta Cond. Fails:           0                 1
Backtracks:                 0                58
-------------------------------------------------- 

KINSOL starting step for time 0.950000
scsteptol used:        1e-20 
fnormtol  used:        1e-09 
KINSolInit nni=    0  fnorm=      0.0003806696604479657  nfe=     1 
KINSol nni=    1 fnorm=      7.242905798469241e-07 nfe=     5
KINSol nni=    2 fnorm=      5.535838626091663e-10 nfe=    11
KINSol return value 1
---KINSOL_SUCCESS

-------------------------------------------------- 
                    Iteration             Total
Nonlin. Its.:               2                81
Lin. Its.:                  6               694
Func. Evals.:              11              1091
PC Evals.:                  2                81
PC Solves:                  8               775
Lin. Conv. Fails:           0                 4
Beta Cond. Fails:           0                 1
Backtracks:                 0                58
-------------------------------------------------- 

KINSOL starting step for time 1.000000
scsteptol used:        1e-20 
fnormtol  used:        1e-09 
KINSolInit nni=    0  fnorm=       0.000346507440727922  nfe=     1 
KINSol nni=    1 fnorm=      6.357470518407964e-07 nfe=     5
KINSol nni=    2 fnorm=       4.04708269759682e-09 nfe=    10
KINSol nni=    3 fnorm=      3.904995283043708e-11 nfe=    15
KINSol return value 1
---KINSOL_SUCCESS

-------------------------------------------------- 
                    Iteration             Total
Nonlin. Its.:               3                84
Lin. Its.:                  8               702
Func. Evals.:              15              1106
PC Evals.:                  3                84
PC Solves:                 11               786
Lin. Conv. Fails:           0                 4
Beta Cond. Fails:           0                 1
Backtracks:                 0                58
-------------------------------------------------- 

KINSOL starting step for time 1.050000
scsteptol used:        1e-20 
fnormtol  used:        1e-09 
KINSolInit nni=    0  fnorm=      0.0003152003306870353  nfe=     1 
KINSol nni=    1 fnorm=      5.616960090970548e-07 nfe=     5
KINSol nni=    2 fnorm=      2.091019695795256e-09 nfe=    10
KINSol nni=    3 fnorm=      4.909577561798604e-12 nfe=    16
KINSol return value 1
---KINSOL_SUCCESS

-------------------------------------------------- 
                    Iteration             Total
Nonlin. Its.:               3                87
Lin. Its.:                  9               711
Func. Evals.:              16              1122
PC Evals.:                  3                87
PC Solves:                 12               798
Lin. Conv. Fails:           0                 4
Beta Cond. Fails:           0                 1
Backtracks:                 0                58
-------------------------------------------------- 

KINSOL starting step for time 1.100000
scsteptol used:        1e-20 
fnormtol  used:        1e-09 
KINSolInit nni=    0  fnorm=      0.0002867382852844725  nfe=     1 
KINSol nni=    1 fnorm=      4.965653143968646e-07 nfe=     5
KINSol nni=    2 fnorm=      1.059526605342865e-09 nfe=    10
KINSol return value 1
---KINSOL_SUCCESS

-------------------------------------------------- 
                    Iteration             Total
Nonlin. Its.:               2                89
Lin. Its.:                  5               716
Func. Evals.:              10              1132
PC Evals.:                  2                89
PC Solves:                  7               805
Lin. Conv. Fails:           0                 4
Beta Cond. Fails:           0                 1
Backtracks:                 0                58
-------------------------------------------------- 

KINSOL starting step for time 1.150000
scsteptol used:        1e-20 
fnormtol  used:        1e-09 
KINSolInit nni=    0  fnorm=      0.0002610049807062566  nfe=     1 
KINSol nni=    1 fnorm=      4.382680688729496e-07 nfe=     5
KINSol nni=    2 fnorm=      3.900017388880876e-09 nfe=     9
KINSol nni=    3 fnorm=      1.828059312823724e-11 nfe=    15
KINSol return value 1
---KINSOL_SUCCESS

-------------------------------------------------- 
                    Iteration             Total
Nonlin. Its.:               3                92
Lin. Its.:                  8               724
Func. Evals.:              15              1147
PC Evals.:                  3                92
PC Solves:                 11               816
Lin. Conv. Fails:           0                 4
Beta Cond. Fails:           0                 1
Backtracks:                 0                58
-------------------------------------------------- 

KINSOL starting step for time 1.200000
scsteptol used:        1e-20 
fnormtol  used:        1e-09 
KINSolInit nni=    0  fnorm=      0.0002378225936142627  nfe=     1 
KINSol nni=    1 fnorm=      3.860568179512138e-07 nfe=     5
KINSol nni=    2 fnorm=      2.836149407810837e-09 nfe=     9
KINSol return value 1
---KINSOL_SUCCESS

-------------------------------------------------- 
                    Iteration             Total
Nonlin. Its.:               2                94
Lin. Its.:                  4               728
Func. Evals.:               9              1156
PC Evals.:                  2                94
PC Solves:                  6               822
Lin. Conv. Fails:           0                 4
Beta Cond. Fails:           0                 1
Backtracks:                 0                58
-------------------------------------------------- 

KINSOL starting step for time 1.250000
scsteptol used:        1e-20 
fnormtol  used:        1e-09 
KINSolInit nni=    0  fnorm=      0.0002169840810586002  nfe=     1 
KINSol nni=    1 fnorm=       1.88511288749466e-06 nfe=     4
KINSol nni=    2 fnorm=      7.031275985195583e-09 nfe=     8
KINSol nni=    3 fnorm=      5.970962580122952e-11 nfe=    13
KINSol return value 1
---KINSOL_SUCCESS

-------------------------------------------------- 
                    Iteration             Total
Nonlin. Its.:               3                97
Lin. Its.:                  6               734
Func. Evals.:              13              1169
PC Evals.:                  3                97
PC Solves:                  9               831
Lin. Conv. Fails:           0                 4
Beta Cond. Fails:           0                 1
Backtracks:                 0                58
-------------------------------------------------- 

KINSOL starting step for time 1.300000
scsteptol used:        1e-20 
fnormtol  used:        1e-09 
KINSolInit nni=    0  fnorm=      0.0001982755228267954  nfe=     1 
KINSol nni=    1 fnorm=      1.493589165967564e-06 nfe=     4
KINSol nni=    2 fnorm=      5.601275784400602e-09 nfe=     8
KINSol nni=    3 fnorm=      4.626634846454496e-11 nfe=    13
KINSol return value 1
---KINSOL_SUCCESS

-------------------------------------------------- 
                    Iteration             Total
Nonlin. Its.:               3               100
Lin. Its.:                  6               740
Func. Evals.:              13              1182
PC Evals.:                  3               100
PC Solves:                  9               840
Lin. Conv. Fails:           0                 4
Beta Cond. Fails:           0                 1
Backtracks:                 0                58
-------------------------------------------------- 

KINSOL starting step for time 1.350000
scsteptol used:        1e-20 
fnormtol  used:        1e-09 
KINSolInit nni=    0  fnorm=      0.0001814837313357362  nfe=     1 
KINSol nni=    1 fnorm=      1.192704681481837e-06 nfe=     4
KINSol nni=    2 fnorm=      4.521202946927763e-09 nfe=     8
KINSol nni=    3 fnorm=       3.77461187061955e-11 nfe=    13
KINSol return value 1
---KINSOL_SUCCESS

-------------------------------------------------- 
                    Iteration             Total
Nonlin. Its.:               3               103
Lin. Its.:                  6               746
Func. Evals.:              13              1195
PC Evals.:                  3               103
PC Solves:                  9               849
Lin. Conv. Fails:           0                 4
Beta Cond. Fails:           0                 1
Backtracks:                 0                58
-------------------------------------------------- 

KINSOL starting step for time 1.400000
scsteptol used:        1e-20 
fnormtol  used:        1e-09 
KINSolInit nni=    0  fnorm=      0.0001664083816517375  nfe=     1 
KINSol nni=    1 fnorm=      9.597335654969059e-07 nfe=     4
KINSol nni=    2 fnorm=      3.686222042274566e-09 nfe=     8
KINSol return value 1
---KINSOL_SUCCESS

-------------------------------------------------- 
                    Iteration             Total
Nonlin. Its.:               2               105
Lin. Its.:                  3               749
Func. Evals.:               8              1203
PC Evals.:                  2               105
PC Solves:                  5               854
Lin. Conv. Fails:           0                 4
Beta Cond. Fails:           0                 1
Backtracks:                 0                58
-------------------------------------------------- 

KINSOL starting step for time 1.450000
scsteptol used:        1e-20 
fnormtol  used:        1e-09 
KINSolInit nni=    0  fnorm=      0.0001528661353618799  nfe=     1 
KINSol nni=    1 fnorm=      7.779955799323109e-07 nfe=     4
KINSol nni=    2 fnorm=      2.900722585953309e-09 nfe=     8
KINSol return value 1
---KINSOL_SUCCESS

-------------------------------------------------- 
                    Iteration             Total
Nonlin. Its.:               2               107
Lin. Its.:                  3               752
Func. Evals.:               8              1211
PC Evals.:                  2               107
PC Solves:                  5               859
Lin. Conv. Fails:           0                 4
Beta Cond. Fails:           0                 1
Backtracks:                 0                58
-------------------------------------------------- 

KINSOL starting step for time 1.500000
scsteptol used:        1e-20 
fnormtol  used:        1e-09 
KINSolInit nni=    0  fnorm=      0.0001406853259585927  nfe=     1 
KINSol nni=    1 fnorm=      6.352109316572397e-07 nfe=     4
KINSol nni=    2 fnorm=      2.353852110733763e-09 nfe=     8
KINSol return value 1
---KINSOL_SUCCESS

-------------------------------------------------- 
                    Iteration             Total
Nonlin. Its.:               2               109
Lin. Its.:                  3               755
Func. Evals.:               8              1219
PC Evals.:                  2               109
PC Solves:                  5               864
Lin. Conv. Fails:           0                 4
Beta Cond. Fails:           0                 1
Backtracks:                 0                58
-------------------------------------------------- 

KINSOL starting step for time 1.550000
scsteptol used:        1e-20 
fnormtol  used:        1e-09 
KINSolInit nni=    0  fnorm=      0.0001297152435175978  nfe=     1 
KINSol nni=    1 fnorm=      5.221906426047286e-07 nfe=     4
KINSol nni=    2 fnorm=       1.94710862801271e-09 nfe=     8
KINSol return value 1
---KINSOL_SUCCESS

-------------------------------------------------- 
                    Iteration             Total
Nonlin. Its.:               2               111
Lin. Its.:                  3               758
Func. Evals.:               8              1227
PC Evals.:                  2               111
PC Solves:                  5               869
Lin. Conv. Fails:           0                 4
Beta Cond. Fails:           0                 1
Backtracks:                 0                58
-------------------------------------------------- 

KINSOL starting step for time 1.600000
scsteptol used:        1e-20 
fnormtol  used:        1e-09 
KINSolInit nni=    0  fnorm=      0.0001198210244217658  nfe=     1 
KINSol nni=    1 fnorm=      4.321136037075331e-07 nfe=     4
KINSol nni=    2 fnorm=      1.629773878668216e-09 nfe=     8
KINSol return value 1
---KINSOL_SUCCESS

-------------------------------------------------- 
                    Iteration             Total
Nonlin. Its.:               2               113
Lin. Its.:                  3               761
Func. Evals.:               8              1235
PC Evals.:                  2               113
PC Solves:                  5               874
Lin. Conv. Fails:           0                 4
Beta Cond. Fails:           0                 1
Backtracks:                 0                58
-------------------------------------------------- 

KINSOL starting step for time 1.650000
scsteptol used:        1e-20 
fnormtol  used:        1e-09 
KINSolInit nni=    0  fnorm=      0.0001108827990845793  nfe=     1 
KINSol nni=    1 fnorm=      3.598368834926567e-07 nfe=     4
KINSol nni=    2 fnorm=      1.374886576638312e-09 nfe=     8
KINSol return value 1
---KINSOL_SUCCESS

-------------------------------------------------- 
                    Iteration             Total
Nonlin. Its.:               2               115
Lin. Its.:                  3               764
Func. Evals.:               8              1243
PC Evals.:                  2               115
PC Solves:                  5               879
Lin. Conv. Fails:           0                 4
Beta Cond. Fails:           0                 1
Backtracks:                 0                58
-------------------------------------------------- 

KINSOL starting step for time 1.700000
scsteptol used:        1e-20 
fnormtol  used:        1e-09 
KINSolInit nni=    0  fnorm=      0.0001027944600065347  nfe=     1 
KINSol nni=    1 fnorm=      3.014639544904111e-07 nfe=     4
KINSol nni=    2 fnorm=      1.166350708051266e-09 nfe=     8
KINSol return value 1
---KINSOL_SUCCESS

-------------------------------------------------- 
                    Iteration             Total
Nonlin. Its.:               2               117
Lin. Its.:                  3               767
Func. Evals.:               8              1251
PC Evals.:                  2               117
PC Solves:                  5               884
Lin. Conv. Fails:           0                 4
Beta Cond. Fails:           0                 1
Backtracks:                 0                58
-------------------------------------------------- 

KINSOL starting step for time 1.750000
scsteptol used:        1e-20 
fnormtol  used:        1e-09 
KINSolInit nni=    0  fnorm=      9.546232036283099e-05  nfe=     1 
KINSol nni=    1 fnorm=      2.540223176369741e-07 nfe=     4
KINSol nni=    2 fnorm=      9.936922407688492e-10 nfe=     8
KINSol return value 1
---KINSOL_SUCCESS

-------------------------------------------------- 
                    Iteration             Total
Nonlin. Its.:               2               119
Lin. Its.:                  3               770
Func. Evals.:               8              1259
PC Evals.:                  2               119
PC Solves:                  5               889
Lin. Conv. Fails:           0                 4
Beta Cond. Fails:           0                 1
Backtracks:                 0                58
-------------------------------------------------- 

KINSOL starting step for time 1.800000
scsteptol used:        1e-20 
fnormtol  used:        1e-09 
KINSolInit nni=    0  fnorm=      8.880377772587107e-05  nfe=     1 
KINSol nni=    1 fnorm=      2.152299573371918e-07 nfe=     4
KINSol nni=    2 fnorm=      8.495629428143763e-10 nfe=     8
KINSol return value 1
---KINSOL_SUCCESS

-------------------------------------------------- 
                    Iteration             Total
Nonlin. Its.:               2               121
Lin. Its.:                  3               773
Func. Evals.:               8              1267
PC Evals.:                  2               121
PC Solves:                  5               894
Lin. Conv. Fails:           0                 4
Beta Cond. Fails:           0                 1
Backtracks:                 0                58
-------------------------------------------------- 

KINSOL starting step for time 1.850000
scsteptol used:        1e-20 
fnormtol  used:        1e-09 
KINSolInit nni=    0  fnorm=      8.274604779772389e-05  nfe=     1 
KINSol nni=    1 fnorm=      1.833238493566195e-07 nfe=     4
KINSol nni=    2 fnorm=      7.285263685345938e-10 nfe=     8
KINSol return value 1
---KINSOL_SUCCESS

-------------------------------------------------- 
                    Iteration             Total
Nonlin. Its.:               2               123
Lin. Its.:                  3               776
Func. Evals.:               8              1275
PC Evals.:                  2               123
PC Solves:                  5               899
Lin. Conv. Fails:           0                 4
Beta Cond. Fails:           0                 1
Backtracks:                 0                58
-------------------------------------------------- 

KINSOL starting step for time 1.900000
scsteptol used:        1e-20 
fnormtol  used:        1e-09 
KINSolInit nni=    0  fnorm=      7.722499905393147e-05  nfe=     1 
KINSol nni=    1 fnorm=      1.569334510085611e-07 nfe=     4
KINSol nni=    2 fnorm=      6.264080014789471e-10 nfe=     8
KINSol return value 1
---KINSOL_SUCCESS

-------------------------------------------------- 
                    Iteration             Total
Nonlin. Its.:               2               125
Lin. Its.:                  3               779
Func. Evals.:               8              1283
PC Evals.:                  2               125
PC Solves:                  5               904
Lin. Conv. Fails:           0                 4
Beta Cond. Fails:           0                 1
Backtracks:                 0                58
-------------------------------------------------- 

KINSOL starting step for time 1.950000
scsteptol used:        1e-20 
fnormtol  used:        1e-09 
KINSolInit nni=    0  fnorm=       7.21841002852033e-05  nfe=     1 
KINSol nni=    1 fnorm=      1.349868430630226e-07 nfe=     4
KINSol nni=    2 fnorm=      5.399204920373602e-10 nfe=     8
KINSol return value 1
---KINSOL_SUCCESS

-------------------------------------------------- 
                    Iteration             Total
Nonlin. Its.:               2               127
Lin. Its.:                  3               782
Func. Evals.:               8              1291
PC Evals.:                  2               127
PC Solves:                  5               909
Lin. Conv. Fails:           0                 4
Beta Cond. Fails:           0                 1
Backtracks:                 0                58
-------------------------------------------------- 

KINSOL starting step for time 2.000000
scsteptol used:        1e-20 
fnormtol  used:        1e-09 
KINSolInit nni=    0  fnorm=      6.757348207069022e-05  nfe=     1 
KINSol nni=    1 fnorm=      1.166406851953334e-07 nfe=     4
KINSol nni=    2 fnorm=      4.664302698894545e-10 nfe=     8
KINSol return value 1
---KINSOL_SUCCESS

-------------------------------------------------- 
                    Iteration             Total
Nonlin. Its.:               2               129
Lin. Its.:                  3               785
Func. Evals.:               8              1299
PC Evals.:                  2               129
PC Solves:                  5               914
Lin. Conv. Fails:           0                 4
Beta Cond. Fails:           0                 1
Backtracks:                 0                58
-------------------------------------------------- 
